11:07:52:655 [main] DEBUG org.apache.poi.openxml4j.opc.PackageRelationshipCollection - Parsing relationship: /_rels/.rels
11:10:20:449 [main] DEBUG org.testng.TestNG - suiteXmlPath: "D:\pavan\opencartv1.0\mastertestng.xml"
11:10:20:766 [main] INFO  org.testng.internal.Utils - [TestNG] Running:
  D:\pavan\opencartv1.0\mastertestng.xml

11:12:34:974 [main] DEBUG org.testng.TestNG - suiteXmlPath: "D:\pavan\opencartv1.0\mastertestng.xml"
11:12:35:309 [main] INFO  org.testng.internal.Utils - [TestNG] Running:
  D:\pavan\opencartv1.0\mastertestng.xml

11:13:43:282 [main] DEBUG org.testng.TestNG - suiteXmlPath: "D:\pavan\opencartv1.0\mastertestng.xml"
11:13:43:760 [main] INFO  org.testng.internal.Utils - [TestNG] Running:
  D:\pavan\opencartv1.0\mastertestng.xml

11:15:03:495 [main] DEBUG org.testng.TestNG - suiteXmlPath: "D:\pavan\opencartv1.0\mastertestng.xml"
11:15:03:807 [main] INFO  org.testng.internal.Utils - [TestNG] Running:
  D:\pavan\opencartv1.0\mastertestng.xml

11:21:52:499 [main] DEBUG org.testng.TestNG - suiteXmlPath: "D:\pavan\opencartv1.0\mastertestng.xml"
11:21:52:866 [main] INFO  org.testng.internal.Utils - [TestNG] Running:
  D:\pavan\opencartv1.0\mastertestng.xml

11:23:26:331 [main] DEBUG org.testng.TestNG - suiteXmlPath: "D:\pavan\opencartv1.0\mastertestng.xml"
11:23:26:626 [main] INFO  org.testng.internal.Utils - [TestNG] Running:
  D:\pavan\opencartv1.0\mastertestng.xml

11:27:03:466 [main] DEBUG org.testng.TestNG - suiteXmlPath: "D:\pavan\opencartv1.0\mastertestng.xml"
11:27:03:786 [main] INFO  org.testng.internal.Utils - [TestNG] Running:
  D:\pavan\opencartv1.0\mastertestng.xml

11:30:33:222 [main] DEBUG org.testng.TestNG - suiteXmlPath: "D:\pavan\opencartv1.0\mastertestng.xml"
11:30:33:476 [main] INFO  org.testng.internal.Utils - [TestNG] Running:
  D:\pavan\opencartv1.0\mastertestng.xml

11:32:19:157 [main] INFO  testCases.TC002_LoginTest - ****Starting TC002_LoginTest******
11:45:07:161 [main] DEBUG org.testng.TestNG - suiteXmlPath: "D:\pavan\opencartv1.0\mastertestng.xml"
11:45:07:498 [main] INFO  org.testng.internal.Utils - [TestNG] Running:
  D:\pavan\opencartv1.0\mastertestng.xml

11:45:57:369 [main] INFO  testCases.TC001_AccountRegistrationTest - *** Staring TC001_AccountRegistrationTest ****
11:46:06:712 [main] INFO  testCases.TC001_AccountRegistrationTest - *** Providing Customer details  ****
11:46:07:521 [main] INFO  testCases.TC001_AccountRegistrationTest - *** Validation ****
11:46:17:575 [main] ERROR testCases.TC001_AccountRegistrationTest - Test Failed
11:46:17:576 [main] DEBUG testCases.TC001_AccountRegistrationTest - Debug Logs
11:47:06:274 [main] INFO  testCases.TC002_LoginTest - ****Starting TC002_LoginTest******
11:47:20:138 [main] DEBUG org.testng.TestNG - suiteXmlPath: "D:\pavan\opencartv1.0\mastertestng.xml"
11:47:20:605 [main] INFO  org.testng.internal.Utils - [TestNG] Running:
  D:\pavan\opencartv1.0\mastertestng.xml

11:48:21:755 [main] DEBUG org.testng.TestNG - suiteXmlPath: "D:\pavan\opencartv1.0\mastertestng.xml"
11:48:22:075 [main] INFO  org.testng.internal.Utils - [TestNG] Running:
  D:\pavan\opencartv1.0\mastertestng.xml

11:52:15:391 [main] DEBUG org.testng.TestNG - suiteXmlPath: "D:\pavan\opencartv1.0\mastertestng.xml"
11:52:15:927 [main] INFO  org.testng.internal.Utils - [TestNG] Running:
  D:\pavan\opencartv1.0\mastertestng.xml

11:54:56:093 [main] DEBUG org.testng.TestNG - suiteXmlPath: "D:\pavan\opencartv1.0\mastertestng.xml"
11:54:56:871 [main] INFO  org.testng.internal.Utils - [TestNG] Running:
  D:\pavan\opencartv1.0\mastertestng.xml

14:39:28:090 [main] DEBUG org.testng.TestNG - suiteXmlPath: "D:\pavan\opencartv1.0\grid-docker.xml"
14:39:28:439 [main] INFO  org.testng.internal.Utils - [TestNG] Running:
  D:\pavan\opencartv1.0\grid-docker.xml

14:40:16:205 [main] INFO  testCases.TC001_AccountRegistrationTest - *** Staring TC001_AccountRegistrationTest ****
14:40:55:084 [main] DEBUG org.testng.TestNG - suiteXmlPath: "D:\pavan\opencartv1.0\grid-docker.xml"
14:40:55:272 [main] INFO  org.testng.internal.Utils - [TestNG] Running:
  D:\pavan\opencartv1.0\grid-docker.xml

14:42:37:301 [main] INFO  testCases.TC002_LoginTest - ****Starting TC002_LoginTest******
14:46:55:462 [main] DEBUG org.testng.TestNG - suiteXmlPath: "D:\pavan\opencartv1.0\grid-docker.xml"
14:46:55:665 [main] INFO  org.testng.internal.Utils - [TestNG] Running:
  D:\pavan\opencartv1.0\grid-docker.xml

14:53:23:201 [main] DEBUG org.testng.TestNG - suiteXmlPath: "D:\pavan\opencartv1.0\grid-docker.xml"
14:53:23:409 [main] INFO  org.testng.internal.Utils - [TestNG] Running:
  D:\pavan\opencartv1.0\grid-docker.xml

17:20:58:171 [main] DEBUG org.testng.TestNG - suiteXmlPath: "D:\pavan\opencartv1.0\mastertestng.xml"
17:28:44:987 [main] DEBUG org.testng.TestNG - suiteXmlPath: "D:\pavan\opencartv1.0\mastertestng.xml"
17:29:31:763 [main] INFO  testCases.TC001_AccountRegistrationTest - *** Staring TC001_AccountRegistrationTest ****
17:30:23:033 [main] INFO  testCases.TC002_LoginTest - ****Starting TC002_LoginTest******
